<?xml version="1.0" encoding="UTF-8"?>
<!-- Generated by org.testng.reporters.JUnitXMLReporter -->
<testsuite ignored="0" hostname="DESKTOP-IAADVH5" failures="1" tests="2" name="Test" time="5.822" errors="0" timestamp="2025-03-04T15:58:32 IST">
  <testcase classname="March5.testListner" name="fbforgetpassword" time="1.002">
    <failure type="java.lang.AssertionError" message="expected [10] but found [101]">
      <![CDATA[java.lang.AssertionError: expected [10] but found [101]
at March5.testListner.fbforgetpassword(testListner.java:48)
at java.base/java.util.ArrayList.forEach(ArrayList.java:1597)
... Removed 32 stack frames]]>
    </failure>
  </testcase> <!-- fbforgetpassword -->
  <testcase classname="March5.testListner" name="fblogin" time="0.137"/>
</testsuite> <!-- Test -->
